<model_wrappers.ArgHolder object at 0x0000025A0D1DC0A0>
<model_wrappers.ArgHolder object at 0x0000025A522BE5F0>
<model_wrappers.ArgHolder object at 0x0000025A522BE5F0>
<model_wrappers.ArgHolder object at 0x0000025A522BC940>
<model_wrappers.ArgHolder object at 0x0000025A522BC940>
<model_wrappers.ArgHolder object at 0x0000025A522BC940>
<model_wrappers.ArgHolder object at 0x0000025A6E4E55A0>
<model_wrappers.ArgHolder object at 0x0000025A6E4E55A0>
<model_wrappers.ArgHolder object at 0x0000025A6E4E55A0>
<model_wrappers.ArgHolder object at 0x0000025A6E4E55A0>
<model_wrappers.ArgHolder object at 0x0000025A0D28D000>
<model_wrappers.ArgHolder object at 0x0000025A0D28D000>
<model_wrappers.ArgHolder object at 0x0000025A0D28D000>
<model_wrappers.ArgHolder object at 0x0000025A0D28D000>
<model_wrappers.ArgHolder object at 0x0000025A0D28D000>
<model_wrappers.ArgHolder object at 0x0000025A522BC760>
<model_wrappers.ArgHolder object at 0x0000025A522BC760>
<model_wrappers.ArgHolder object at 0x0000025A522BC760>
<model_wrappers.ArgHolder object at 0x0000025A522BC760>
<model_wrappers.ArgHolder object at 0x0000025A522BC760>
<model_wrappers.ArgHolder object at 0x0000025A522BC760>
<model_wrappers.ArgHolder object at 0x0000025A522BC6A0>
<model_wrappers.ArgHolder object at 0x0000025A522BC6A0>
<model_wrappers.ArgHolder object at 0x0000025A522BC6A0>
<model_wrappers.ArgHolder object at 0x0000025A522BC6A0>
<model_wrappers.ArgHolder object at 0x0000025A522BC6A0>
<model_wrappers.ArgHolder object at 0x0000025A522BC6A0>
<model_wrappers.ArgHolder object at 0x0000025A522BC6A0>
